<?xml version="1.0" encoding="UTF-8"?>
<!-- Generated by org.testng.reporters.JUnitReportReporter -->
<testsuite hostname="Mecha-Drag" failures="0" tests="1" name="com.example.AppTest" time="0.020" errors="0" timestamp="2023-12-17T10:44:36 IST" skipped="0">
  <testcase classname="com.example.AppTest" name="testApp" time="0.020"/>
  <system-out/>
</testsuite> <!-- com.example.AppTest -->
